2023/06/26 22:38:04 [notice] 1#1: using the "epoll" event method
2023/06/26 22:38:04 [notice] 1#1: nginx/1.23.0
2023/06/26 22:38:04 [notice] 1#1: built by gcc 10.2.1 20210110 (Debian 10.2.1-6) 
2023/06/26 22:38:04 [notice] 1#1: OS: Linux 5.15.0-75-generic
2023/06/26 22:38:04 [notice] 1#1: getrlimit(RLIMIT_NOFILE): 1048576:1048576
2023/06/26 22:38:04 [notice] 1#1: start worker processes
2023/06/26 22:38:04 [notice] 1#1: start worker process 36
2023/06/26 22:38:04 [notice] 1#1: start worker process 37
2023/06/26 22:38:04 [notice] 1#1: start worker process 38
2023/06/26 22:38:04 [notice] 1#1: start worker process 39
2023/06/26 22:44:20 [notice] 1#1: signal 3 (SIGQUIT) received, shutting down
2023/06/26 22:44:20 [notice] 36#36: gracefully shutting down
2023/06/26 22:44:20 [notice] 36#36: exiting
2023/06/26 22:44:20 [notice] 38#38: gracefully shutting down
2023/06/26 22:44:20 [notice] 39#39: gracefully shutting down
2023/06/26 22:44:20 [notice] 39#39: exiting
2023/06/26 22:44:20 [notice] 38#38: exiting
2023/06/26 22:44:20 [notice] 37#37: gracefully shutting down
2023/06/26 22:44:20 [notice] 37#37: exiting
2023/06/26 22:44:20 [notice] 1#1: signal 17 (SIGCHLD) received from 37
2023/06/26 22:44:20 [notice] 1#1: worker process 37 exited with code 0
2023/06/26 22:44:20 [notice] 1#1: signal 29 (SIGIO) received
2023/06/26 22:44:20 [notice] 1#1: signal 17 (SIGCHLD) received from 39
2023/06/26 22:44:20 [notice] 1#1: worker process 38 exited with code 0
2023/06/26 22:44:20 [notice] 1#1: worker process 39 exited with code 0
2023/06/26 22:44:20 [notice] 1#1: signal 29 (SIGIO) received
2023/06/26 22:44:20 [notice] 1#1: signal 17 (SIGCHLD) received from 36
2023/06/26 22:44:20 [notice] 1#1: worker process 36 exited with code 0
2023/06/26 22:44:20 [notice] 1#1: exit
2023/06/26 22:44:22 [notice] 1#1: using the "epoll" event method
2023/06/26 22:44:22 [notice] 1#1: nginx/1.23.0
2023/06/26 22:44:22 [notice] 1#1: built by gcc 10.2.1 20210110 (Debian 10.2.1-6) 
2023/06/26 22:44:22 [notice] 1#1: OS: Linux 5.15.0-75-generic
2023/06/26 22:44:22 [notice] 1#1: getrlimit(RLIMIT_NOFILE): 1048576:1048576
2023/06/26 22:44:22 [notice] 1#1: start worker processes
2023/06/26 22:44:22 [notice] 1#1: start worker process 36
2023/06/26 22:44:22 [notice] 1#1: start worker process 37
2023/06/26 22:44:22 [notice] 1#1: start worker process 38
2023/06/26 22:44:22 [notice] 1#1: start worker process 39
2023/06/26 22:55:34 [notice] 1#1: signal 3 (SIGQUIT) received, shutting down
2023/06/26 22:55:34 [notice] 36#36: gracefully shutting down
2023/06/26 22:55:34 [notice] 37#37: gracefully shutting down
2023/06/26 22:55:34 [notice] 36#36: exiting
2023/06/26 22:55:34 [notice] 38#38: gracefully shutting down
2023/06/26 22:55:34 [notice] 37#37: exiting
2023/06/26 22:55:34 [notice] 39#39: gracefully shutting down
2023/06/26 22:55:34 [notice] 38#38: exiting
2023/06/26 22:55:34 [notice] 39#39: exiting
2023/06/26 22:55:34 [notice] 1#1: signal 17 (SIGCHLD) received from 38
2023/06/26 22:55:34 [notice] 1#1: worker process 38 exited with code 0
2023/06/26 22:55:34 [notice] 1#1: signal 29 (SIGIO) received
2023/06/26 22:55:34 [notice] 1#1: signal 17 (SIGCHLD) received from 37
2023/06/26 22:55:34 [notice] 1#1: worker process 36 exited with code 0
2023/06/26 22:55:34 [notice] 1#1: worker process 37 exited with code 0
2023/06/26 22:55:34 [notice] 1#1: worker process 39 exited with code 0
2023/06/26 22:55:34 [notice] 1#1: exit
2023/06/26 22:55:36 [notice] 1#1: using the "epoll" event method
2023/06/26 22:55:36 [notice] 1#1: nginx/1.23.0
2023/06/26 22:55:36 [notice] 1#1: built by gcc 10.2.1 20210110 (Debian 10.2.1-6) 
2023/06/26 22:55:36 [notice] 1#1: OS: Linux 5.15.0-75-generic
2023/06/26 22:55:36 [notice] 1#1: getrlimit(RLIMIT_NOFILE): 1048576:1048576
2023/06/26 22:55:36 [notice] 1#1: start worker processes
2023/06/26 22:55:36 [notice] 1#1: start worker process 36
2023/06/26 22:55:36 [notice] 1#1: start worker process 37
2023/06/26 22:55:36 [notice] 1#1: start worker process 38
2023/06/26 22:55:36 [notice] 1#1: start worker process 39
2023/06/26 23:05:27 [notice] 1#1: signal 3 (SIGQUIT) received, shutting down
2023/06/26 23:05:27 [notice] 37#37: gracefully shutting down
2023/06/26 23:05:27 [notice] 38#38: gracefully shutting down
2023/06/26 23:05:27 [notice] 39#39: gracefully shutting down
2023/06/26 23:05:27 [notice] 38#38: exiting
2023/06/26 23:05:27 [notice] 39#39: exiting
2023/06/26 23:05:27 [notice] 37#37: exiting
2023/06/26 23:05:27 [notice] 36#36: gracefully shutting down
2023/06/26 23:05:27 [notice] 36#36: exiting
2023/06/26 23:05:27 [notice] 1#1: signal 17 (SIGCHLD) received from 38
2023/06/26 23:05:27 [notice] 1#1: worker process 36 exited with code 0
2023/06/26 23:05:27 [notice] 1#1: worker process 37 exited with code 0
2023/06/26 23:05:27 [notice] 1#1: worker process 38 exited with code 0
2023/06/26 23:05:27 [notice] 1#1: signal 29 (SIGIO) received
2023/06/26 23:05:27 [notice] 1#1: signal 17 (SIGCHLD) received from 39
2023/06/26 23:05:27 [notice] 1#1: worker process 39 exited with code 0
2023/06/26 23:05:27 [notice] 1#1: exit
2023/06/26 23:05:51 [notice] 1#1: using the "epoll" event method
2023/06/26 23:05:51 [notice] 1#1: nginx/1.23.0
2023/06/26 23:05:51 [notice] 1#1: built by gcc 10.2.1 20210110 (Debian 10.2.1-6) 
2023/06/26 23:05:51 [notice] 1#1: OS: Linux 5.15.0-75-generic
2023/06/26 23:05:51 [notice] 1#1: getrlimit(RLIMIT_NOFILE): 1048576:1048576
2023/06/26 23:05:51 [notice] 1#1: start worker processes
2023/06/26 23:05:51 [notice] 1#1: start worker process 36
2023/06/26 23:05:51 [notice] 1#1: start worker process 37
2023/06/26 23:05:51 [notice] 1#1: start worker process 38
2023/06/26 23:05:51 [notice] 1#1: start worker process 39
2023/06/27 15:24:53 [notice] 1#1: signal 3 (SIGQUIT) received, shutting down
2023/06/27 15:24:53 [notice] 37#37: gracefully shutting down
2023/06/27 15:24:53 [notice] 36#36: gracefully shutting down
2023/06/27 15:24:53 [notice] 38#38: gracefully shutting down
2023/06/27 15:24:53 [notice] 37#37: exiting
2023/06/27 15:24:53 [notice] 36#36: exiting
2023/06/27 15:24:53 [notice] 38#38: exiting
2023/06/27 15:24:53 [notice] 39#39: gracefully shutting down
2023/06/27 15:24:53 [notice] 39#39: exiting
2023/06/27 15:24:53 [notice] 1#1: signal 17 (SIGCHLD) received from 38
2023/06/27 15:24:53 [notice] 1#1: worker process 36 exited with code 0
2023/06/27 15:24:53 [notice] 1#1: worker process 37 exited with code 0
2023/06/27 15:24:53 [notice] 1#1: worker process 38 exited with code 0
2023/06/27 15:24:53 [notice] 1#1: worker process 39 exited with code 0
2023/06/27 15:24:53 [notice] 1#1: exit
2023/06/27 15:56:55 [notice] 1#1: using the "epoll" event method
2023/06/27 15:56:55 [notice] 1#1: nginx/1.23.0
2023/06/27 15:56:55 [notice] 1#1: built by gcc 10.2.1 20210110 (Debian 10.2.1-6) 
2023/06/27 15:56:55 [notice] 1#1: OS: Linux 5.15.0-75-generic
2023/06/27 15:56:55 [notice] 1#1: getrlimit(RLIMIT_NOFILE): 1048576:1048576
2023/06/27 15:56:55 [notice] 1#1: start worker processes
2023/06/27 15:56:55 [notice] 1#1: start worker process 36
2023/06/27 15:56:55 [notice] 1#1: start worker process 37
2023/06/27 15:56:55 [notice] 1#1: start worker process 38
2023/06/27 15:56:55 [notice] 1#1: start worker process 39
2023/06/27 16:01:22 [notice] 1#1: signal 3 (SIGQUIT) received, shutting down
2023/06/27 16:01:22 [notice] 39#39: gracefully shutting down
2023/06/27 16:01:22 [notice] 38#38: gracefully shutting down
2023/06/27 16:01:22 [notice] 39#39: exiting
2023/06/27 16:01:22 [notice] 37#37: gracefully shutting down
2023/06/27 16:01:22 [notice] 38#38: exiting
2023/06/27 16:01:22 [notice] 37#37: exiting
2023/06/27 16:01:22 [notice] 36#36: gracefully shutting down
2023/06/27 16:01:22 [notice] 36#36: exiting
2023/06/27 16:01:22 [notice] 1#1: signal 17 (SIGCHLD) received from 39
2023/06/27 16:01:22 [notice] 1#1: worker process 39 exited with code 0
2023/06/27 16:01:22 [notice] 1#1: signal 29 (SIGIO) received
2023/06/27 16:01:22 [notice] 1#1: signal 17 (SIGCHLD) received from 37
2023/06/27 16:01:22 [notice] 1#1: worker process 37 exited with code 0
2023/06/27 16:01:22 [notice] 1#1: worker process 38 exited with code 0
2023/06/27 16:01:22 [notice] 1#1: signal 29 (SIGIO) received
2023/06/27 16:01:23 [notice] 1#1: signal 17 (SIGCHLD) received from 36
2023/06/27 16:01:23 [notice] 1#1: worker process 36 exited with code 0
2023/06/27 16:01:23 [notice] 1#1: exit
2023/06/27 16:01:25 [notice] 1#1: using the "epoll" event method
2023/06/27 16:01:25 [notice] 1#1: nginx/1.23.0
2023/06/27 16:01:25 [notice] 1#1: built by gcc 10.2.1 20210110 (Debian 10.2.1-6) 
2023/06/27 16:01:25 [notice] 1#1: OS: Linux 5.15.0-75-generic
2023/06/27 16:01:25 [notice] 1#1: getrlimit(RLIMIT_NOFILE): 1048576:1048576
2023/06/27 16:01:25 [notice] 1#1: start worker processes
2023/06/27 16:01:25 [notice] 1#1: start worker process 36
2023/06/27 16:01:25 [notice] 1#1: start worker process 37
2023/06/27 16:01:25 [notice] 1#1: start worker process 38
2023/06/27 16:01:25 [notice] 1#1: start worker process 39
2023/06/27 16:07:55 [notice] 1#1: signal 3 (SIGQUIT) received, shutting down
2023/06/27 16:07:55 [notice] 37#37: gracefully shutting down
2023/06/27 16:07:55 [notice] 38#38: gracefully shutting down
2023/06/27 16:07:55 [notice] 37#37: exiting
2023/06/27 16:07:55 [notice] 36#36: gracefully shutting down
2023/06/27 16:07:55 [notice] 39#39: gracefully shutting down
2023/06/27 16:07:55 [notice] 38#38: exiting
2023/06/27 16:07:55 [notice] 39#39: exiting
2023/06/27 16:07:55 [notice] 36#36: exiting
2023/06/27 16:07:55 [notice] 1#1: signal 17 (SIGCHLD) received from 37
2023/06/27 16:07:55 [notice] 1#1: worker process 36 exited with code 0
2023/06/27 16:07:55 [notice] 1#1: worker process 37 exited with code 0
2023/06/27 16:07:55 [notice] 1#1: worker process 38 exited with code 0
2023/06/27 16:07:55 [notice] 1#1: worker process 39 exited with code 0
2023/06/27 16:07:55 [notice] 1#1: exit
2023/06/27 16:07:56 [notice] 1#1: using the "epoll" event method
2023/06/27 16:07:56 [notice] 1#1: nginx/1.23.0
2023/06/27 16:07:56 [notice] 1#1: built by gcc 10.2.1 20210110 (Debian 10.2.1-6) 
2023/06/27 16:07:56 [notice] 1#1: OS: Linux 5.15.0-75-generic
2023/06/27 16:07:56 [notice] 1#1: getrlimit(RLIMIT_NOFILE): 1048576:1048576
2023/06/27 16:07:56 [notice] 1#1: start worker processes
2023/06/27 16:07:56 [notice] 1#1: start worker process 36
2023/06/27 16:07:56 [notice] 1#1: start worker process 37
2023/06/27 16:07:56 [notice] 1#1: start worker process 38
2023/06/27 16:07:56 [notice] 1#1: start worker process 39
2023/06/27 16:11:44 [notice] 1#1: signal 3 (SIGQUIT) received, shutting down
2023/06/27 16:11:44 [notice] 36#36: gracefully shutting down
2023/06/27 16:11:44 [notice] 37#37: gracefully shutting down
2023/06/27 16:11:44 [notice] 36#36: exiting
2023/06/27 16:11:44 [notice] 38#38: gracefully shutting down
2023/06/27 16:11:44 [notice] 39#39: gracefully shutting down
2023/06/27 16:11:44 [notice] 37#37: exiting
2023/06/27 16:11:44 [notice] 38#38: exiting
2023/06/27 16:11:44 [notice] 39#39: exiting
2023/06/27 16:11:44 [notice] 1#1: signal 17 (SIGCHLD) received from 37
2023/06/27 16:11:44 [notice] 1#1: worker process 37 exited with code 0
2023/06/27 16:11:44 [notice] 1#1: signal 29 (SIGIO) received
2023/06/27 16:11:44 [notice] 1#1: signal 17 (SIGCHLD) received from 38
2023/06/27 16:11:44 [notice] 1#1: worker process 38 exited with code 0
2023/06/27 16:11:44 [notice] 1#1: signal 29 (SIGIO) received
2023/06/27 16:11:44 [notice] 1#1: signal 17 (SIGCHLD) received from 36
2023/06/27 16:11:44 [notice] 1#1: worker process 36 exited with code 0
2023/06/27 16:11:44 [notice] 1#1: worker process 39 exited with code 0
2023/06/27 16:11:44 [notice] 1#1: exit
2023/06/27 16:11:46 [notice] 1#1: using the "epoll" event method
2023/06/27 16:11:46 [notice] 1#1: nginx/1.23.0
2023/06/27 16:11:46 [notice] 1#1: built by gcc 10.2.1 20210110 (Debian 10.2.1-6) 
2023/06/27 16:11:46 [notice] 1#1: OS: Linux 5.15.0-75-generic
2023/06/27 16:11:46 [notice] 1#1: getrlimit(RLIMIT_NOFILE): 1048576:1048576
2023/06/27 16:11:46 [notice] 1#1: start worker processes
2023/06/27 16:11:46 [notice] 1#1: start worker process 36
2023/06/27 16:11:46 [notice] 1#1: start worker process 37
2023/06/27 16:11:46 [notice] 1#1: start worker process 38
2023/06/27 16:11:46 [notice] 1#1: start worker process 39
2023/06/27 16:14:14 [notice] 1#1: signal 3 (SIGQUIT) received, shutting down
2023/06/27 16:14:14 [notice] 36#36: gracefully shutting down
2023/06/27 16:14:14 [notice] 37#37: gracefully shutting down
2023/06/27 16:14:14 [notice] 39#39: gracefully shutting down
2023/06/27 16:14:14 [notice] 38#38: gracefully shutting down
2023/06/27 16:14:14 [notice] 39#39: exiting
2023/06/27 16:14:14 [notice] 38#38: exiting
2023/06/27 16:14:14 [notice] 37#37: exiting
2023/06/27 16:14:14 [notice] 36#36: exiting
2023/06/27 16:14:14 [notice] 1#1: signal 17 (SIGCHLD) received from 38
2023/06/27 16:14:14 [notice] 1#1: worker process 36 exited with code 0
2023/06/27 16:14:14 [notice] 1#1: worker process 38 exited with code 0
2023/06/27 16:14:14 [notice] 1#1: signal 29 (SIGIO) received
2023/06/27 16:14:14 [notice] 1#1: signal 17 (SIGCHLD) received from 36
2023/06/27 16:14:14 [notice] 1#1: signal 17 (SIGCHLD) received from 37
2023/06/27 16:14:14 [notice] 1#1: worker process 37 exited with code 0
2023/06/27 16:14:14 [notice] 1#1: worker process 39 exited with code 0
2023/06/27 16:14:14 [notice] 1#1: exit
2023/06/27 16:32:18 [notice] 1#1: using the "epoll" event method
2023/06/27 16:32:18 [notice] 1#1: nginx/1.23.0
2023/06/27 16:32:18 [notice] 1#1: built by gcc 10.2.1 20210110 (Debian 10.2.1-6) 
2023/06/27 16:32:18 [notice] 1#1: OS: Linux 5.15.0-75-generic
2023/06/27 16:32:18 [notice] 1#1: getrlimit(RLIMIT_NOFILE): 1048576:1048576
2023/06/27 16:32:18 [notice] 1#1: start worker processes
2023/06/27 16:32:18 [notice] 1#1: start worker process 36
2023/06/27 16:32:18 [notice] 1#1: start worker process 37
2023/06/27 16:32:18 [notice] 1#1: start worker process 38
2023/06/27 16:32:18 [notice] 1#1: start worker process 39
2023/06/27 16:33:21 [notice] 1#1: signal 3 (SIGQUIT) received, shutting down
2023/06/27 16:33:21 [notice] 37#37: gracefully shutting down
2023/06/27 16:33:21 [notice] 36#36: gracefully shutting down
2023/06/27 16:33:21 [notice] 38#38: gracefully shutting down
2023/06/27 16:33:21 [notice] 38#38: exiting
2023/06/27 16:33:21 [notice] 36#36: exiting
2023/06/27 16:33:21 [notice] 39#39: gracefully shutting down
2023/06/27 16:33:21 [notice] 39#39: exiting
2023/06/27 16:33:21 [notice] 37#37: exiting
2023/06/27 16:33:21 [notice] 1#1: signal 17 (SIGCHLD) received from 36
2023/06/27 16:33:21 [notice] 1#1: worker process 36 exited with code 0
2023/06/27 16:33:21 [notice] 1#1: worker process 37 exited with code 0
2023/06/27 16:33:21 [notice] 1#1: worker process 38 exited with code 0
2023/06/27 16:33:21 [notice] 1#1: worker process 39 exited with code 0
2023/06/27 16:33:21 [notice] 1#1: exit
2023/06/30 09:11:30 [notice] 1#1: using the "epoll" event method
2023/06/30 09:11:30 [notice] 1#1: nginx/1.25.1
2023/06/30 09:11:30 [notice] 1#1: built by gcc 12.2.0 (Debian 12.2.0-14) 
2023/06/30 09:11:30 [notice] 1#1: OS: Linux 5.10.124-linuxkit
2023/06/30 09:11:30 [notice] 1#1: getrlimit(RLIMIT_NOFILE): 1048576:1048576
2023/06/30 09:11:30 [notice] 1#1: start worker processes
2023/06/30 09:11:30 [notice] 1#1: start worker process 36
2023/06/30 09:11:30 [notice] 1#1: start worker process 37
2023/06/30 09:11:30 [notice] 1#1: start worker process 38
2023/06/30 09:11:30 [notice] 1#1: start worker process 39
2023/06/30 11:17:44 [notice] 1#1: signal 3 (SIGQUIT) received, shutting down
2023/06/30 11:17:44 [notice] 38#38: gracefully shutting down
2023/06/30 11:17:44 [notice] 36#36: gracefully shutting down
2023/06/30 11:17:44 [notice] 39#39: gracefully shutting down
2023/06/30 11:17:44 [notice] 37#37: gracefully shutting down
2023/06/30 11:17:44 [notice] 38#38: exiting
2023/06/30 11:17:44 [notice] 36#36: exiting
2023/06/30 11:17:44 [notice] 39#39: exiting
2023/06/30 11:17:44 [notice] 37#37: exiting
2023/06/30 11:17:44 [notice] 1#1: signal 17 (SIGCHLD) received from 39
2023/06/30 11:17:44 [notice] 1#1: worker process 38 exited with code 0
2023/06/30 11:17:44 [notice] 1#1: worker process 36 exited with code 0
2023/06/30 11:17:44 [notice] 1#1: worker process 37 exited with code 0
2023/06/30 11:17:44 [notice] 1#1: worker process 39 exited with code 0
2023/06/30 11:17:44 [notice] 1#1: exit
